c:\users\hanuman\desktop\new\energy_harvesting_in_iot_v12_1\wsn_energy_harvesting_workspace\src\simulation\zigbee\x64\debug\vc142.pdb
c:\users\hanuman\desktop\new\energy_harvesting_in_iot_v12_1\wsn_energy_harvesting_workspace\src\simulation\zigbee\x64\debug\vc142.idb
c:\users\hanuman\desktop\new\energy_harvesting_in_iot_v12_1\wsn_energy_harvesting_workspace\src\simulation\zigbee\x64\debug\unslottedcsmaca.obj
c:\users\hanuman\desktop\new\energy_harvesting_in_iot_v12_1\wsn_energy_harvesting_workspace\src\simulation\zigbee\x64\debug\superframe.obj
c:\users\hanuman\desktop\new\energy_harvesting_in_iot_v12_1\wsn_energy_harvesting_workspace\src\simulation\zigbee\x64\debug\slottedcsmaca.obj
c:\users\hanuman\desktop\new\energy_harvesting_in_iot_v12_1\wsn_energy_harvesting_workspace\src\simulation\zigbee\x64\debug\sinrcalculation.obj
c:\users\hanuman\desktop\new\energy_harvesting_in_iot_v12_1\wsn_energy_harvesting_workspace\src\simulation\zigbee\x64\debug\locatebackoffboundary.obj
c:\users\hanuman\desktop\new\energy_harvesting_in_iot_v12_1\wsn_energy_harvesting_workspace\src\simulation\zigbee\x64\debug\changeradiostate.obj
c:\users\hanuman\desktop\new\energy_harvesting_in_iot_v12_1\wsn_energy_harvesting_workspace\src\simulation\zigbee\x64\debug\cca.obj
c:\users\hanuman\desktop\new\energy_harvesting_in_iot_v12_1\wsn_energy_harvesting_workspace\src\simulation\zigbee\x64\debug\bercalculation.obj
c:\users\hanuman\desktop\new\energy_harvesting_in_iot_v12_1\wsn_energy_harvesting_workspace\src\simulation\zigbee\x64\debug\backoffcalculation.obj
c:\users\hanuman\desktop\new\energy_harvesting_in_iot_v12_1\wsn_energy_harvesting_workspace\src\simulation\zigbee\x64\debug\802_15_4.obj
c:\users\hanuman\desktop\new\energy_harvesting_in_iot_v12_1\wsn_energy_harvesting_workspace\bin\bin_x64\libzigbee.dll
c:\users\hanuman\desktop\new\energy_harvesting_in_iot_v12_1\wsn_energy_harvesting_workspace\bin\bin_x64\zigbee.pdb
c:\users\hanuman\desktop\new\energy_harvesting_in_iot_v12_1\wsn_energy_harvesting_workspace\bin\bin_x64\zigbee.lib
c:\users\hanuman\desktop\new\energy_harvesting_in_iot_v12_1\wsn_energy_harvesting_workspace\bin\bin_x64\zigbee.exp
d:\new\energy_harvesting_in_iot_v12_1\wsn_energy_harvesting_workspace\src\simulation\zigbee\x64\debug\802_15_4.obj
d:\new\energy_harvesting_in_iot_v12_1\wsn_energy_harvesting_workspace\src\simulation\zigbee\x64\debug\backoffcalculation.obj
d:\new\energy_harvesting_in_iot_v12_1\wsn_energy_harvesting_workspace\src\simulation\zigbee\x64\debug\bercalculation.obj
d:\new\energy_harvesting_in_iot_v12_1\wsn_energy_harvesting_workspace\src\simulation\zigbee\x64\debug\cca.obj
d:\new\energy_harvesting_in_iot_v12_1\wsn_energy_harvesting_workspace\src\simulation\zigbee\x64\debug\changeradiostate.obj
d:\new\energy_harvesting_in_iot_v12_1\wsn_energy_harvesting_workspace\src\simulation\zigbee\x64\debug\locatebackoffboundary.obj
d:\new\energy_harvesting_in_iot_v12_1\wsn_energy_harvesting_workspace\src\simulation\zigbee\x64\debug\sinrcalculation.obj
d:\new\energy_harvesting_in_iot_v12_1\wsn_energy_harvesting_workspace\src\simulation\zigbee\x64\debug\slottedcsmaca.obj
d:\new\energy_harvesting_in_iot_v12_1\wsn_energy_harvesting_workspace\src\simulation\zigbee\x64\debug\superframe.obj
d:\new\energy_harvesting_in_iot_v12_1\wsn_energy_harvesting_workspace\src\simulation\zigbee\x64\debug\unslottedcsmaca.obj
d:\new\energy_harvesting_in_iot_v12_1\wsn_energy_harvesting_workspace\src\simulation\zigbee\x64\debug\vc142.idb
d:\new\energy_harvesting_in_iot_v12_1\wsn_energy_harvesting_workspace\src\simulation\zigbee\x64\debug\vc142.pdb
d:\new\energy_harvesting_in_iot_v12_1\wsn_energy_harvesting_workspace\src\simulation\zigbee\x64\debug\zigbee.tlog\cl.command.1.tlog
d:\new\energy_harvesting_in_iot_v12_1\wsn_energy_harvesting_workspace\src\simulation\zigbee\x64\debug\zigbee.tlog\cl.read.1.tlog
d:\new\energy_harvesting_in_iot_v12_1\wsn_energy_harvesting_workspace\src\simulation\zigbee\x64\debug\zigbee.tlog\cl.write.1.tlog
d:\new\energy_harvesting_in_iot_v12_1\wsn_energy_harvesting_workspace\src\simulation\zigbee\x64\debug\zigbee.tlog\link.command.1.tlog
d:\new\energy_harvesting_in_iot_v12_1\wsn_energy_harvesting_workspace\src\simulation\zigbee\x64\debug\zigbee.tlog\link.read.1.tlog
d:\new\energy_harvesting_in_iot_v12_1\wsn_energy_harvesting_workspace\src\simulation\zigbee\x64\debug\zigbee.tlog\link.write.1.tlog
d:\new\energy_harvesting_in_iot_v12_1\wsn_energy_harvesting_workspace\src\simulation\zigbee\x64\debug\zigbee.tlog\zigbee.write.1u.tlog
